<?xml version="1.0" encoding="UTF-8"?>
<!-- Generated by org.testng.reporters.JUnitXMLReporter -->
<testsuite ignored="0" hostname="DESKTOP-92IFQQ8" failures="0" tests="3" name="Default test" time="3.956" errors="0" timestamp="2021-09-12T23:27:44 IST">
  <testcase classname="com.qa.urlshortener.testcases.UrlShortenerServiceTest" name="generateTest" time="3.043"/>
  <testcase classname="com.qa.urlshortener.testcases.UrlShortenerServiceTest" name="redirectTest" time="0.262"/>
  <testcase classname="com.qa.urlshortener.testcases.UrlShortenerServiceTest" name="urlShortenerTest" time="0.57"/>
</testsuite> <!-- Default test -->
