<?xml version="1.0" encoding="UTF-8"?>
<!-- Generated by org.testng.reporters.JUnitXMLReporter -->
<testsuite ignored="0" hostname="DESKTOP-92IFQQ8" failures="0" tests="5" name="Test" time="4.091" errors="0" timestamp="2021-09-12T23:28:59 IST">
  <testcase classname="com.qa.urlshortener.testcases.ConnectionTest" name="testBody" time="2.909"/>
  <testcase classname="com.qa.urlshortener.testcases.ConnectionTest" name="testResponseCode" time="0.06"/>
  <testcase classname="com.qa.urlshortener.testcases.UrlShortenerServiceTest" name="generateTest" time="0.21"/>
  <testcase classname="com.qa.urlshortener.testcases.UrlShortenerServiceTest" name="redirectTest" time="0.109"/>
  <testcase classname="com.qa.urlshortener.testcases.UrlShortenerServiceTest" name="urlShortenerTest" time="0.672"/>
</testsuite> <!-- Test -->
