<?xml version="1.0" encoding="UTF-8"?>
<!-- Generated by org.testng.reporters.JUnitXMLReporter -->
<testsuite hostname="DESKTOP-92IFQQ8" ignored="0" name="Test" tests="5" failures="0" timestamp="2021-09-13T21:19:18 IST" time="6.213" errors="0">
  <testcase name="testBody" time="5.154" classname="com.qa.urlshortener.testcases.ConnectionTest"/>
  <testcase name="testResponseCode" time="0.032" classname="com.qa.urlshortener.testcases.ConnectionTest"/>
  <testcase name="generateTest" time="0.133" classname="com.qa.urlshortener.testcases.UrlShortenerServiceTest"/>
  <testcase name="redirectTest" time="0.113" classname="com.qa.urlshortener.testcases.UrlShortenerServiceTest"/>
  <testcase name="urlShortenerTest" time="0.656" classname="com.qa.urlshortener.testcases.UrlShortenerServiceTest"/>
</testsuite> <!-- Test -->
