<?xml version="1.0" encoding="UTF-8"?>
<testng-results ignored="0" total="5" passed="5" failed="0" skipped="0">
  <reporter-output>
  </reporter-output>
  <suite started-at="2021-09-12T23:28:55 IST" name="Suite" finished-at="2021-09-12T23:28:59 IST" duration-ms="4091">
    <groups>
    </groups>
    <test started-at="2021-09-12T23:28:55 IST" name="Test" finished-at="2021-09-12T23:28:59 IST" duration-ms="4091">
      <class name="com.qa.urlshortener.testcases.ConnectionTest">
        <test-method signature="testBody()[pri:0, instance:com.qa.urlshortener.testcases.ConnectionTest@7880cdf3]" started-at="2021-09-12T23:28:55 IST" name="testBody" finished-at="2021-09-12T23:28:58 IST" duration-ms="2909" status="PASS">
          <reporter-output>
          </reporter-output>
        </test-method> <!-- testBody -->
        <test-method signature="testResponseCode()[pri:0, instance:com.qa.urlshortener.testcases.ConnectionTest@7880cdf3]" started-at="2021-09-12T23:28:58 IST" name="testResponseCode" finished-at="2021-09-12T23:28:58 IST" duration-ms="60" status="PASS">
          <reporter-output>
          </reporter-output>
        </test-method> <!-- testResponseCode -->
      </class> <!-- com.qa.urlshortener.testcases.ConnectionTest -->
      <class name="com.qa.urlshortener.testcases.UrlShortenerServiceTest">
        <test-method signature="generateTest()[pri:0, instance:com.qa.urlshortener.testcases.UrlShortenerServiceTest@3ba9ad43]" started-at="2021-09-12T23:28:58 IST" name="generateTest" finished-at="2021-09-12T23:28:58 IST" duration-ms="210" status="PASS">
          <reporter-output>
          </reporter-output>
        </test-method> <!-- generateTest -->
        <test-method signature="redirectTest()[pri:1, instance:com.qa.urlshortener.testcases.UrlShortenerServiceTest@3ba9ad43]" started-at="2021-09-12T23:28:58 IST" name="redirectTest" finished-at="2021-09-12T23:28:58 IST" duration-ms="109" status="PASS">
          <reporter-output>
          </reporter-output>
        </test-method> <!-- redirectTest -->
        <test-method signature="urlShortenerTest()[pri:2, instance:com.qa.urlshortener.testcases.UrlShortenerServiceTest@3ba9ad43]" started-at="2021-09-12T23:28:58 IST" name="urlShortenerTest" finished-at="2021-09-12T23:28:59 IST" duration-ms="672" status="PASS">
          <reporter-output>
          </reporter-output>
        </test-method> <!-- urlShortenerTest -->
      </class> <!-- com.qa.urlshortener.testcases.UrlShortenerServiceTest -->
    </test> <!-- Test -->
  </suite> <!-- Suite -->
</testng-results>
